*** Using Compiler 'V5.06 update 7 (build 960)', folder: 'C:\Keil_v5\ARM\arm5_compiler\Bin'
Rebuild target 'Target 1'
assembling startup_stm32f10x_hd.s...
compiling Delay.c...
compiling main.c...
compiling Driver_DMA.c...
Driver\dma\Driver_DMA.c(67): warning:  #1-D: last line of file ends without a newline
  }
Driver\dma\Driver_DMA.c: 1 warning, 0 errors
compiling Driver_LED.c...
compiling core_cm3.c...
compiling system_stm32f10x.c...
compiling Driver_USART.c...
compiling Driver_ADC.c...
Driver\adc\Driver_ADC.c(65): warning:  #1-D: last line of file ends without a newline
  }
Driver\adc\Driver_ADC.c: 1 warning, 0 errors
linking...
Program Size: Code=5020 RO-data=336 RW-data=8 ZI-data=1128  
FromELF: creating hex file...
".\Objects\01_LED_Register.axf" - 0 Error(s), 2 Warning(s).
Build Time Elapsed:  00:00:01
